<?xml version="1.0" encoding="UTF-8"?>
<!-- Generated by org.testng.reporters.JUnitReportReporter -->
<testsuite skipped="0" hostname="EQ-EQ7501603" name="musalaAutomationTestcases.TestCase4" tests="1" failures="0" timestamp="2022-02-07T03:23:00 EET" time="86.984" errors="0">
  <testcase name="checkPositionsByCityTestcase" time="86.984" classname="musalaAutomationTestcases.TestCase4"/>
  <system-out/>
</testsuite> <!-- musalaAutomationTestcases.TestCase4 -->
