<?xml version="1.0" encoding="UTF-8"?>
<!-- Generated by org.testng.reporters.JUnitReportReporter -->
<testsuite skipped="0" hostname="EQ-EQ7501603" name="musalaAutomationTestcases.TestCase3" tests="1" failures="0" timestamp="2022-02-06T19:43:52 EET" time="53.597" errors="0">
  <testcase name="fillcareerFormTestCase" time="53.597" classname="musalaAutomationTestcases.TestCase3"/>
  <system-out/>
</testsuite> <!-- musalaAutomationTestcases.TestCase3 -->
