<?xml version="1.0" encoding="UTF-8"?>
<!-- Generated by org.testng.reporters.JUnitReportReporter -->
<testsuite skipped="0" hostname="EQ-EQ7501603" name="musalaAutomationTestcases.Testcase1" tests="1" failures="0" timestamp="2022-02-06T19:41:57 EET" time="29.303" errors="0">
  <testcase name="ContactUsInvalidEmailTestCase" time="29.303" classname="musalaAutomationTestcases.Testcase1"/>
  <system-out/>
</testsuite> <!-- musalaAutomationTestcases.Testcase1 -->
