<?xml version="1.0" encoding="UTF-8"?>
<!-- Generated by org.testng.reporters.JUnitReportReporter -->
<testsuite skipped="0" hostname="EQ-EQ7501603" name="musalaAutomationTestcases.ContactUsTestcase1" tests="1" failures="0" timestamp="2022-02-05T16:43:27 EET" time="41.096" errors="0">
  <testcase name="ContactUsInvalidEmailTestCase" time="41.096" classname="musalaAutomationTestcases.ContactUsTestcase1"/>
  <system-out/>
</testsuite> <!-- musalaAutomationTestcases.ContactUsTestcase1 -->
